<?xml version="1.0" encoding="UTF-8"?>
<!-- Generated by org.testng.reporters.JUnitXMLReporter -->
<testsuite ignored="0" hostname="Acer" failures="0" tests="4" name="tests_group_2" time="8.71" errors="0" timestamp="2024-01-15T19:17:40 EET">
  <testcase classname="tests_group_2.FourTest" name="testFour" time="0.008"/>
  <testcase classname="tests_group_2.ThreeTest" name="testThree" time="0.001"/>
  <testcase classname="tests_group_2.TwoTest" name="testTwo" time="0.001"/>
  <testcase classname="tests_group_1.LoginTest" name="login" time="1.625"/>
</testsuite> <!-- tests_group_2 -->
